This file contains any messages produced by compilers while
running configure, to aid debugging if configure makes a mistake.

It was created by ODE configure 0.11.1, which was
generated by GNU Autoconf 2.63.  Invocation command line was

  $ ./configure 

## --------- ##
## Platform. ##
## --------- ##

hostname = tecan-desktop
uname -m = x86_64
uname -r = 2.6.31-14-generic
uname -s = Linux
uname -v = #48-Ubuntu SMP Fri Oct 16 14:05:01 UTC 2009

/usr/bin/uname -p = unknown
/bin/uname -X     = unknown

/bin/arch              = unknown
/usr/bin/arch -k       = unknown
/usr/convex/getsysinfo = unknown
/usr/bin/hostinfo      = unknown
/bin/machine           = unknown
/usr/bin/oslevel       = unknown
/bin/universe          = unknown

PATH: /usr/local/sbin
PATH: /usr/local/bin
PATH: /usr/sbin
PATH: /usr/bin
PATH: /sbin
PATH: /bin
PATH: /usr/games


## ----------- ##
## Core tests. ##
## ----------- ##

configure:2187: checking build system type
configure:2205: result: x86_64-unknown-linux-gnu
configure:2227: checking host system type
configure:2242: result: x86_64-unknown-linux-gnu
configure:2281: checking for a BSD-compatible install
configure:2349: result: /usr/bin/install -c
configure:2360: checking whether build environment is sane
configure:2403: result: yes
configure:2428: checking for a thread-safe mkdir -p
configure:2467: result: /bin/mkdir -p
configure:2480: checking for gawk
configure:2496: found /usr/bin/gawk
configure:2507: result: gawk
configure:2518: checking whether make sets $(MAKE)
configure:2540: result: yes
configure:2727: checking whether make sets $(MAKE)
configure:2749: result: yes
configure:2816: checking for g++
configure:2832: found /usr/bin/g++
configure:2843: result: g++
configure:2870: checking for C++ compiler version
configure:2878: g++ --version >&5
g++ (Ubuntu 4.4.1-4ubuntu9) 4.4.1
Copyright (C) 2009 Free Software Foundation, Inc.
This is free software; see the source for copying conditions.  There is NO
warranty; not even for MERCHANTABILITY or FITNESS FOR A PARTICULAR PURPOSE.

configure:2882: $? = 0
configure:2889: g++ -v >&5
Using built-in specs.
Target: x86_64-linux-gnu
Configured with: ../src/configure -v --with-pkgversion='Ubuntu 4.4.1-4ubuntu9' --with-bugurl=file:///usr/share/doc/gcc-4.4/README.Bugs --enable-languages=c,c++,fortran,objc,obj-c++ --prefix=/usr --enable-shared --enable-multiarch --enable-linker-build-id --with-system-zlib --libexecdir=/usr/lib --without-included-gettext --enable-threads=posix --with-gxx-include-dir=/usr/include/c++/4.4 --program-suffix=-4.4 --enable-nls --enable-clocale=gnu --enable-libstdcxx-debug --enable-objc-gc --disable-werror --with-arch-32=i486 --with-tune=generic --enable-checking=release --build=x86_64-linux-gnu --host=x86_64-linux-gnu --target=x86_64-linux-gnu
Thread model: posix
gcc version 4.4.1 (Ubuntu 4.4.1-4ubuntu9) 
configure:2893: $? = 0
configure:2900: g++ -V >&5
g++: '-V' option must have argument
configure:2904: $? = 1
configure:2927: checking for C++ compiler default output file name
configure:2949: g++    conftest.cpp  >&5
configure:2953: $? = 0
configure:2991: result: a.out
configure:3010: checking whether the C++ compiler works
configure:3020: ./a.out
configure:3024: $? = 0
configure:3043: result: yes
configure:3050: checking whether we are cross compiling
configure:3052: result: no
configure:3055: checking for suffix of executables
configure:3062: g++ -o conftest    conftest.cpp  >&5
configure:3066: $? = 0
configure:3092: result: 
configure:3098: checking for suffix of object files
configure:3124: g++ -c   conftest.cpp >&5
configure:3128: $? = 0
configure:3153: result: o
configure:3157: checking whether we are using the GNU C++ compiler
configure:3186: g++ -c   conftest.cpp >&5
configure:3193: $? = 0
configure:3210: result: yes
configure:3219: checking whether g++ accepts -g
configure:3249: g++ -c -g  conftest.cpp >&5
configure:3256: $? = 0
configure:3357: result: yes
configure:3391: checking for style of include used by make
configure:3419: result: GNU
configure:3444: checking dependency style of g++
configure:3535: result: gcc3
configure:3598: checking for gcc
configure:3614: found /usr/bin/gcc
configure:3625: result: gcc
configure:3857: checking for C compiler version
configure:3865: gcc --version >&5
gcc (Ubuntu 4.4.1-4ubuntu9) 4.4.1
Copyright (C) 2009 Free Software Foundation, Inc.
This is free software; see the source for copying conditions.  There is NO
warranty; not even for MERCHANTABILITY or FITNESS FOR A PARTICULAR PURPOSE.

configure:3869: $? = 0
configure:3876: gcc -v >&5
Using built-in specs.
Target: x86_64-linux-gnu
Configured with: ../src/configure -v --with-pkgversion='Ubuntu 4.4.1-4ubuntu9' --with-bugurl=file:///usr/share/doc/gcc-4.4/README.Bugs --enable-languages=c,c++,fortran,objc,obj-c++ --prefix=/usr --enable-shared --enable-multiarch --enable-linker-build-id --with-system-zlib --libexecdir=/usr/lib --without-included-gettext --enable-threads=posix --with-gxx-include-dir=/usr/include/c++/4.4 --program-suffix=-4.4 --enable-nls --enable-clocale=gnu --enable-libstdcxx-debug --enable-objc-gc --disable-werror --with-arch-32=i486 --with-tune=generic --enable-checking=release --build=x86_64-linux-gnu --host=x86_64-linux-gnu --target=x86_64-linux-gnu
Thread model: posix
gcc version 4.4.1 (Ubuntu 4.4.1-4ubuntu9) 
configure:3880: $? = 0
configure:3887: gcc -V >&5
gcc: '-V' option must have argument
configure:3891: $? = 1
configure:3894: checking whether we are using the GNU C compiler
configure:3923: gcc -c   conftest.c >&5
configure:3930: $? = 0
configure:3947: result: yes
configure:3956: checking whether gcc accepts -g
configure:3986: gcc -c -g  conftest.c >&5
configure:3993: $? = 0
configure:4094: result: yes
configure:4111: checking for gcc option to accept ISO C89
configure:4185: gcc  -c -g -O2  conftest.c >&5
configure:4192: $? = 0
configure:4215: result: none needed
configure:4235: checking dependency style of gcc
configure:4326: result: gcc3
configure:4342: checking whether gcc and cc understand -c and -o together
configure:4377: gcc -c conftest.c -o conftest2.o >&5
configure:4381: $? = 0
configure:4387: gcc -c conftest.c -o conftest2.o >&5
configure:4391: $? = 0
configure:4402: cc -c conftest.c >&5
configure:4406: $? = 0
configure:4414: cc -c conftest.c -o conftest2.o >&5
configure:4418: $? = 0
configure:4424: cc -c conftest.c -o conftest2.o >&5
configure:4428: $? = 0
configure:4446: result: yes
configure:4478: checking how to run the C preprocessor
configure:4518: gcc -E  conftest.c
configure:4525: $? = 0
configure:4556: gcc -E  conftest.c
conftest.c:10:28: error: ac_nonexistent.h: No such file or directory
configure:4563: $? = 1
configure: failed program was:
| /* confdefs.h.  */
| #define PACKAGE_NAME "ODE"
| #define PACKAGE_TARNAME "ode"
| #define PACKAGE_VERSION "0.11.1"
| #define PACKAGE_STRING "ODE 0.11.1"
| #define PACKAGE_BUGREPORT "ode@ode.org"
| #define PACKAGE "ode"
| #define VERSION "0.11.1"
| /* end confdefs.h.  */
| #include <ac_nonexistent.h>
configure:4596: result: gcc -E
configure:4625: gcc -E  conftest.c
configure:4632: $? = 0
configure:4663: gcc -E  conftest.c
conftest.c:10:28: error: ac_nonexistent.h: No such file or directory
configure:4670: $? = 1
configure: failed program was:
| /* confdefs.h.  */
| #define PACKAGE_NAME "ODE"
| #define PACKAGE_TARNAME "ode"
| #define PACKAGE_VERSION "0.11.1"
| #define PACKAGE_STRING "ODE 0.11.1"
| #define PACKAGE_BUGREPORT "ode@ode.org"
| #define PACKAGE "ode"
| #define VERSION "0.11.1"
| /* end confdefs.h.  */
| #include <ac_nonexistent.h>
configure:4713: checking for gawk
configure:4740: result: gawk
configure:4765: checking for a BSD-compatible install
configure:4833: result: /usr/bin/install -c
configure:4844: checking whether ln -s works
configure:4848: result: yes
configure:4855: checking for a thread-safe mkdir -p
configure:4894: result: /bin/mkdir -p
configure:5256: checking for a sed that does not truncate output
configure:5322: result: /bin/sed
configure:5340: checking for grep that handles long lines and -e
configure:5400: result: /bin/grep
configure:5405: checking for egrep
configure:5469: result: /bin/grep -E
configure:5474: checking for fgrep
configure:5538: result: /bin/grep -F
configure:5573: checking for ld used by gcc
configure:5640: result: /usr/bin/ld
configure:5649: checking if the linker (/usr/bin/ld) is GNU ld
configure:5664: result: yes
configure:5676: checking for BSD- or MS-compatible name lister (nm)
configure:5725: result: /usr/bin/nm -B
configure:5843: checking the name lister (/usr/bin/nm -B) interface
configure:5850: gcc -c -g -O2  conftest.c >&5
configure:5853: /usr/bin/nm -B "conftest.o"
configure:5856: output
0000000000000000 B some_variable
configure:5863: result: BSD nm
configure:5867: checking the maximum length of command line arguments
configure:5987: result: 1572864
configure:6004: checking whether the shell understands some XSI constructs
configure:6014: result: yes
configure:6018: checking whether the shell understands "+="
configure:6024: result: yes
configure:6059: checking for /usr/bin/ld option to reload object files
configure:6066: result: -r
configure:6135: checking for objdump
configure:6162: result: objdump
configure:6191: checking how to recognize dependent libraries
configure:6387: result: pass_all
configure:6447: checking for ar
configure:6463: found /usr/bin/ar
configure:6474: result: ar
configure:6552: checking for strip
configure:6568: found /usr/bin/strip
configure:6579: result: strip
configure:6651: checking for ranlib
configure:6667: found /usr/bin/ranlib
configure:6678: result: ranlib
configure:6768: checking command to parse /usr/bin/nm -B output from gcc object
configure:6886: gcc -c -g -O2  conftest.c >&5
configure:6889: $? = 0
configure:6893: /usr/bin/nm -B conftest.o \| sed -n -e 's/^.*[	 ]\([ABCDGIRSTW][ABCDGIRSTW]*\)[	 ][	 ]*\([_A-Za-z][_A-Za-z0-9]*\)$/\1 \2 \2/p' \> conftest.nm
configure:6896: $? = 0
configure:6950: gcc -o conftest -g -O2   conftest.c conftstm.o >&5
configure:6953: $? = 0
configure:6991: result: ok
configure:7087: gcc -c -g -O2  conftest.c >&5
configure:7090: $? = 0
configure:7854: checking for ANSI C header files
configure:7884: gcc -c -g -O2  conftest.c >&5
configure:7891: $? = 0
configure:7990: gcc -o conftest -g -O2   conftest.c  >&5
configure:7994: $? = 0
configure:8000: ./conftest
configure:8004: $? = 0
configure:8022: result: yes
configure:8046: checking for sys/types.h
configure:8067: gcc -c -g -O2  conftest.c >&5
configure:8074: $? = 0
configure:8091: result: yes
configure:8046: checking for sys/stat.h
configure:8067: gcc -c -g -O2  conftest.c >&5
configure:8074: $? = 0
configure:8091: result: yes
configure:8046: checking for stdlib.h
configure:8067: gcc -c -g -O2  conftest.c >&5
configure:8074: $? = 0
configure:8091: result: yes
configure:8046: checking for string.h
configure:8067: gcc -c -g -O2  conftest.c >&5
configure:8074: $? = 0
configure:8091: result: yes
configure:8046: checking for memory.h
configure:8067: gcc -c -g -O2  conftest.c >&5
configure:8074: $? = 0
configure:8091: result: yes
configure:8046: checking for strings.h
configure:8067: gcc -c -g -O2  conftest.c >&5
configure:8074: $? = 0
configure:8091: result: yes
configure:8046: checking for inttypes.h
configure:8067: gcc -c -g -O2  conftest.c >&5
configure:8074: $? = 0
configure:8091: result: yes
configure:8046: checking for stdint.h
configure:8067: gcc -c -g -O2  conftest.c >&5
configure:8074: $? = 0
configure:8091: result: yes
configure:8046: checking for unistd.h
configure:8067: gcc -c -g -O2  conftest.c >&5
configure:8074: $? = 0
configure:8091: result: yes
configure:8109: checking for dlfcn.h
configure:8130: gcc -c -g -O2  conftest.c >&5
configure:8137: $? = 0
configure:8154: result: yes
configure:8281: checking for C++ compiler version
configure:8289: g++ --version >&5
g++ (Ubuntu 4.4.1-4ubuntu9) 4.4.1
Copyright (C) 2009 Free Software Foundation, Inc.
This is free software; see the source for copying conditions.  There is NO
warranty; not even for MERCHANTABILITY or FITNESS FOR A PARTICULAR PURPOSE.

configure:8293: $? = 0
configure:8300: g++ -v >&5
Using built-in specs.
Target: x86_64-linux-gnu
Configured with: ../src/configure -v --with-pkgversion='Ubuntu 4.4.1-4ubuntu9' --with-bugurl=file:///usr/share/doc/gcc-4.4/README.Bugs --enable-languages=c,c++,fortran,objc,obj-c++ --prefix=/usr --enable-shared --enable-multiarch --enable-linker-build-id --with-system-zlib --libexecdir=/usr/lib --without-included-gettext --enable-threads=posix --with-gxx-include-dir=/usr/include/c++/4.4 --program-suffix=-4.4 --enable-nls --enable-clocale=gnu --enable-libstdcxx-debug --enable-objc-gc --disable-werror --with-arch-32=i486 --with-tune=generic --enable-checking=release --build=x86_64-linux-gnu --host=x86_64-linux-gnu --target=x86_64-linux-gnu
Thread model: posix
gcc version 4.4.1 (Ubuntu 4.4.1-4ubuntu9) 
configure:8304: $? = 0
configure:8311: g++ -V >&5
g++: '-V' option must have argument
configure:8315: $? = 1
configure:8318: checking whether we are using the GNU C++ compiler
configure:8371: result: yes
configure:8380: checking whether g++ accepts -g
configure:8518: result: yes
configure:8543: checking dependency style of g++
configure:8634: result: gcc3
configure:8657: checking how to run the C++ preprocessor
configure:8693: g++ -E  conftest.cpp
configure:8700: $? = 0
configure:8731: g++ -E  conftest.cpp
conftest.cpp:21:28: error: ac_nonexistent.h: No such file or directory
configure:8738: $? = 1
configure: failed program was:
| /* confdefs.h.  */
| #define PACKAGE_NAME "ODE"
| #define PACKAGE_TARNAME "ode"
| #define PACKAGE_VERSION "0.11.1"
| #define PACKAGE_STRING "ODE 0.11.1"
| #define PACKAGE_BUGREPORT "ode@ode.org"
| #define PACKAGE "ode"
| #define VERSION "0.11.1"
| #define STDC_HEADERS 1
| #define HAVE_SYS_TYPES_H 1
| #define HAVE_SYS_STAT_H 1
| #define HAVE_STDLIB_H 1
| #define HAVE_STRING_H 1
| #define HAVE_MEMORY_H 1
| #define HAVE_STRINGS_H 1
| #define HAVE_INTTYPES_H 1
| #define HAVE_STDINT_H 1
| #define HAVE_UNISTD_H 1
| #define HAVE_DLFCN_H 1
| /* end confdefs.h.  */
| #include <ac_nonexistent.h>
configure:8771: result: g++ -E
configure:8800: g++ -E  conftest.cpp
configure:8807: $? = 0
configure:8838: g++ -E  conftest.cpp
conftest.cpp:21:28: error: ac_nonexistent.h: No such file or directory
configure:8845: $? = 1
configure: failed program was:
| /* confdefs.h.  */
| #define PACKAGE_NAME "ODE"
| #define PACKAGE_TARNAME "ode"
| #define PACKAGE_VERSION "0.11.1"
| #define PACKAGE_STRING "ODE 0.11.1"
| #define PACKAGE_BUGREPORT "ode@ode.org"
| #define PACKAGE "ode"
| #define VERSION "0.11.1"
| #define STDC_HEADERS 1
| #define HAVE_SYS_TYPES_H 1
| #define HAVE_SYS_STAT_H 1
| #define HAVE_STDLIB_H 1
| #define HAVE_STRING_H 1
| #define HAVE_MEMORY_H 1
| #define HAVE_STRINGS_H 1
| #define HAVE_INTTYPES_H 1
| #define HAVE_STDINT_H 1
| #define HAVE_UNISTD_H 1
| #define HAVE_DLFCN_H 1
| /* end confdefs.h.  */
| #include <ac_nonexistent.h>
configure:9027: checking for objdir
configure:9042: result: .libs
configure:9334: checking if gcc supports -fno-rtti -fno-exceptions
configure:9352: gcc -c -g -O2  -fno-rtti -fno-exceptions conftest.c >&5
cc1: warning: command line option "-fno-rtti" is valid for C++/ObjC++ but not for C
configure:9356: $? = 0
configure:9369: result: no
configure:9389: checking for gcc option to produce PIC
configure:9661: result: -fPIC -DPIC
configure:9673: checking if gcc PIC flag -fPIC -DPIC works
configure:9691: gcc -c -g -O2  -fPIC -DPIC -DPIC conftest.c >&5
configure:9695: $? = 0
configure:9708: result: yes
configure:9732: checking if gcc static flag -static works
configure:9760: result: yes
configure:9775: checking if gcc supports -c -o file.o
configure:9796: gcc -c -g -O2  -o out/conftest2.o conftest.c >&5
configure:9800: $? = 0
configure:9822: result: yes
configure:9830: checking if gcc supports -c -o file.o
configure:9877: result: yes
configure:9910: checking whether the gcc linker (/usr/bin/ld -m elf_x86_64) supports shared libraries
configure:10985: result: yes
configure:11224: checking dynamic linker characteristics
configure:11667: gcc -o conftest -g -O2   -Wl,-rpath -Wl,/foo conftest.c  >&5
configure:11674: $? = 0
configure:11709: gcc -c -g -O2  conftest.c >&5
configure:11712: $? = 0
configure:11929: result: GNU/Linux ld.so
configure:12031: checking how to hardcode library paths into programs
configure:12056: result: immediate
configure:12889: checking whether stripping libraries is possible
configure:12894: result: yes
configure:12929: checking if libtool supports shared libraries
configure:12931: result: yes
configure:12934: checking whether to build shared libraries
configure:12955: result: no
configure:12958: checking whether to build static libraries
configure:12962: result: yes
configure:13112: checking for ld used by g++
configure:13179: result: /usr/bin/ld -m elf_x86_64
configure:13188: checking if the linker (/usr/bin/ld -m elf_x86_64) is GNU ld
configure:13203: result: yes
configure:13258: checking whether the g++ linker (/usr/bin/ld -m elf_x86_64) supports shared libraries
configure:14233: result: yes
configure:14261: g++ -c -g -O2  conftest.cpp >&5
configure:14264: $? = 0
configure:14446: checking for g++ option to produce PIC
configure:14763: result: -fPIC -DPIC
configure:14772: checking if g++ PIC flag -fPIC -DPIC works
configure:14790: g++ -c -g -O2  -fPIC -DPIC -DPIC conftest.cpp >&5
configure:14794: $? = 0
configure:14807: result: yes
configure:14828: checking if g++ static flag -static works
configure:14856: result: yes
configure:14868: checking if g++ supports -c -o file.o
configure:14889: g++ -c -g -O2  -o out/conftest2.o conftest.cpp >&5
configure:14893: $? = 0
configure:14915: result: yes
configure:14920: checking if g++ supports -c -o file.o
configure:14967: result: yes
configure:14997: checking whether the g++ linker (/usr/bin/ld -m elf_x86_64) supports shared libraries
configure:15026: result: yes
configure:15163: checking dynamic linker characteristics
configure:15554: g++ -o conftest -g -O2   -Wl,-rpath -Wl,/foo conftest.cpp  >&5
configure:15561: $? = 0
configure:15596: g++ -c -g -O2  conftest.cpp >&5
configure:15599: $? = 0
configure:15816: result: GNU/Linux ld.so
configure:15867: checking how to hardcode library paths into programs
configure:15892: result: immediate
configure:15999: checking for windres
configure:16029: result: no
configure:16052: checking whether byte ordering is bigendian
configure:16077: gcc -c -g -O2  conftest.c >&5
conftest.c:23: error: expected '=', ',', ';', 'asm' or '__attribute__' before 'a'
configure:16084: $? = 1
configure: failed program was:
| /* confdefs.h.  */
| #define PACKAGE_NAME "ODE"
| #define PACKAGE_TARNAME "ode"
| #define PACKAGE_VERSION "0.11.1"
| #define PACKAGE_STRING "ODE 0.11.1"
| #define PACKAGE_BUGREPORT "ode@ode.org"
| #define PACKAGE "ode"
| #define VERSION "0.11.1"
| #define STDC_HEADERS 1
| #define HAVE_SYS_TYPES_H 1
| #define HAVE_SYS_STAT_H 1
| #define HAVE_STDLIB_H 1
| #define HAVE_STRING_H 1
| #define HAVE_MEMORY_H 1
| #define HAVE_STRINGS_H 1
| #define HAVE_INTTYPES_H 1
| #define HAVE_STDINT_H 1
| #define HAVE_UNISTD_H 1
| #define HAVE_DLFCN_H 1
| #define LT_OBJDIR ".libs/"
| /* end confdefs.h.  */
| #ifndef __APPLE_CC__
| 	       not a universal capable compiler
| 	     #endif
| 	     typedef int dummy;
| 
configure:16134: gcc -c -g -O2  conftest.c >&5
configure:16141: $? = 0
configure:16173: gcc -c -g -O2  conftest.c >&5
conftest.c: In function 'main':
conftest.c:29: error: 'not' undeclared (first use in this function)
conftest.c:29: error: (Each undeclared identifier is reported only once
conftest.c:29: error: for each function it appears in.)
conftest.c:29: error: expected ';' before 'big'
configure:16180: $? = 1
configure: failed program was:
| /* confdefs.h.  */
| #define PACKAGE_NAME "ODE"
| #define PACKAGE_TARNAME "ode"
| #define PACKAGE_VERSION "0.11.1"
| #define PACKAGE_STRING "ODE 0.11.1"
| #define PACKAGE_BUGREPORT "ode@ode.org"
| #define PACKAGE "ode"
| #define VERSION "0.11.1"
| #define STDC_HEADERS 1
| #define HAVE_SYS_TYPES_H 1
| #define HAVE_SYS_STAT_H 1
| #define HAVE_STDLIB_H 1
| #define HAVE_STRING_H 1
| #define HAVE_MEMORY_H 1
| #define HAVE_STRINGS_H 1
| #define HAVE_INTTYPES_H 1
| #define HAVE_STDINT_H 1
| #define HAVE_UNISTD_H 1
| #define HAVE_DLFCN_H 1
| #define LT_OBJDIR ".libs/"
| /* end confdefs.h.  */
| #include <sys/types.h>
| 		#include <sys/param.h>
| 
| int
| main ()
| {
| #if BYTE_ORDER != BIG_ENDIAN
| 		 not big endian
| 		#endif
| 
|   ;
|   return 0;
| }
configure:16432: result: no
configure:16457: checking for inline
configure:16483: gcc -c -g -O2  conftest.c >&5
configure:16490: $? = 0
configure:16508: result: inline
configure:16527: checking for working volatile
configure:16556: gcc -c -g -O2  conftest.c >&5
configure:16563: $? = 0
configure:16578: result: yes
configure:16588: checking for stdbool.h that conforms to C99
configure:16683: gcc -c -g -O2  conftest.c >&5
configure:16690: $? = 0
configure:16705: result: yes
configure:16707: checking for _Bool
configure:16735: gcc -c -g -O2  conftest.c >&5
configure:16742: $? = 0
configure:16769: gcc -c -g -O2  conftest.c >&5
conftest.c: In function 'main':
conftest.c:58: error: expected expression before ')' token
configure:16776: $? = 1
configure: failed program was:
| /* confdefs.h.  */
| #define PACKAGE_NAME "ODE"
| #define PACKAGE_TARNAME "ode"
| #define PACKAGE_VERSION "0.11.1"
| #define PACKAGE_STRING "ODE 0.11.1"
| #define PACKAGE_BUGREPORT "ode@ode.org"
| #define PACKAGE "ode"
| #define VERSION "0.11.1"
| #define STDC_HEADERS 1
| #define HAVE_SYS_TYPES_H 1
| #define HAVE_SYS_STAT_H 1
| #define HAVE_STDLIB_H 1
| #define HAVE_STRING_H 1
| #define HAVE_MEMORY_H 1
| #define HAVE_STRINGS_H 1
| #define HAVE_INTTYPES_H 1
| #define HAVE_STDINT_H 1
| #define HAVE_UNISTD_H 1
| #define HAVE_DLFCN_H 1
| #define LT_OBJDIR ".libs/"
| /* end confdefs.h.  */
| #include <stdio.h>
| #ifdef HAVE_SYS_TYPES_H
| # include <sys/types.h>
| #endif
| #ifdef HAVE_SYS_STAT_H
| # include <sys/stat.h>
| #endif
| #ifdef STDC_HEADERS
| # include <stdlib.h>
| # include <stddef.h>
| #else
| # ifdef HAVE_STDLIB_H
| #  include <stdlib.h>
| # endif
| #endif
| #ifdef HAVE_STRING_H
| # if !defined STDC_HEADERS && defined HAVE_MEMORY_H
| #  include <memory.h>
| # endif
| # include <string.h>
| #endif
| #ifdef HAVE_STRINGS_H
| # include <strings.h>
| #endif
| #ifdef HAVE_INTTYPES_H
| # include <inttypes.h>
| #endif
| #ifdef HAVE_STDINT_H
| # include <stdint.h>
| #endif
| #ifdef HAVE_UNISTD_H
| # include <unistd.h>
| #endif
| int
| main ()
| {
| if (sizeof ((_Bool)))
| 	  return 0;
|   ;
|   return 0;
| }
configure:16799: result: yes
configure:16818: checking for size_t
configure:16846: gcc -c -g -O2  conftest.c >&5
configure:16853: $? = 0
configure:16880: gcc -c -g -O2  conftest.c >&5
conftest.c: In function 'main':
conftest.c:60: error: expected expression before ')' token
configure:16887: $? = 1
configure: failed program was:
| /* confdefs.h.  */
| #define PACKAGE_NAME "ODE"
| #define PACKAGE_TARNAME "ode"
| #define PACKAGE_VERSION "0.11.1"
| #define PACKAGE_STRING "ODE 0.11.1"
| #define PACKAGE_BUGREPORT "ode@ode.org"
| #define PACKAGE "ode"
| #define VERSION "0.11.1"
| #define STDC_HEADERS 1
| #define HAVE_SYS_TYPES_H 1
| #define HAVE_SYS_STAT_H 1
| #define HAVE_STDLIB_H 1
| #define HAVE_STRING_H 1
| #define HAVE_MEMORY_H 1
| #define HAVE_STRINGS_H 1
| #define HAVE_INTTYPES_H 1
| #define HAVE_STDINT_H 1
| #define HAVE_UNISTD_H 1
| #define HAVE_DLFCN_H 1
| #define LT_OBJDIR ".libs/"
| #define HAVE__BOOL 1
| #define HAVE_STDBOOL_H 1
| /* end confdefs.h.  */
| #include <stdio.h>
| #ifdef HAVE_SYS_TYPES_H
| # include <sys/types.h>
| #endif
| #ifdef HAVE_SYS_STAT_H
| # include <sys/stat.h>
| #endif
| #ifdef STDC_HEADERS
| # include <stdlib.h>
| # include <stddef.h>
| #else
| # ifdef HAVE_STDLIB_H
| #  include <stdlib.h>
| # endif
| #endif
| #ifdef HAVE_STRING_H
| # if !defined STDC_HEADERS && defined HAVE_MEMORY_H
| #  include <memory.h>
| # endif
| # include <string.h>
| #endif
| #ifdef HAVE_STRINGS_H
| # include <strings.h>
| #endif
| #ifdef HAVE_INTTYPES_H
| # include <inttypes.h>
| #endif
| #ifdef HAVE_STDINT_H
| # include <stdint.h>
| #endif
| #ifdef HAVE_UNISTD_H
| # include <unistd.h>
| #endif
| int
| main ()
| {
| if (sizeof ((size_t)))
| 	  return 0;
|   ;
|   return 0;
| }
configure:16910: result: yes
configure:16923: checking if demos should be built
configure:16932: result: yes
configure:16999: checking alloca.h usability
configure:17016: gcc -c -g -O2  conftest.c >&5
configure:17023: $? = 0
configure:17037: result: yes
configure:17041: checking alloca.h presence
configure:17056: gcc -E  conftest.c
configure:17063: $? = 0
configure:17077: result: yes
configure:17110: checking for alloca.h
configure:17119: result: yes
configure:16999: checking stdio.h usability
configure:17016: gcc -c -g -O2  conftest.c >&5
configure:17023: $? = 0
configure:17037: result: yes
configure:17041: checking stdio.h presence
configure:17056: gcc -E  conftest.c
configure:17063: $? = 0
configure:17077: result: yes
configure:17110: checking for stdio.h
configure:17119: result: yes
configure:16988: checking for stdint.h
configure:16995: result: yes
configure:16988: checking for stdlib.h
configure:16995: result: yes
configure:16999: checking math.h usability
configure:17016: gcc -c -g -O2  conftest.c >&5
configure:17023: $? = 0
configure:17037: result: yes
configure:17041: checking math.h presence
configure:17056: gcc -E  conftest.c
configure:17063: $? = 0
configure:17077: result: yes
configure:17110: checking for math.h
configure:17119: result: yes
configure:16988: checking for string.h
configure:16995: result: yes
configure:16999: checking stdarg.h usability
configure:17016: gcc -c -g -O2  conftest.c >&5
configure:17023: $? = 0
configure:17037: result: yes
configure:17041: checking stdarg.h presence
configure:17056: gcc -E  conftest.c
configure:17063: $? = 0
configure:17077: result: yes
configure:17110: checking for stdarg.h
configure:17119: result: yes
configure:16999: checking malloc.h usability
configure:17016: gcc -c -g -O2  conftest.c >&5
configure:17023: $? = 0
configure:17037: result: yes
configure:17041: checking malloc.h presence
configure:17056: gcc -E  conftest.c
configure:17063: $? = 0
configure:17077: result: yes
configure:17110: checking for malloc.h
configure:17119: result: yes
configure:16999: checking float.h usability
configure:17016: gcc -c -g -O2  conftest.c >&5
configure:17023: $? = 0
configure:17037: result: yes
configure:17041: checking float.h presence
configure:17056: gcc -E  conftest.c
configure:17063: $? = 0
configure:17077: result: yes
configure:17110: checking for float.h
configure:17119: result: yes
configure:16999: checking time.h usability
configure:17016: gcc -c -g -O2  conftest.c >&5
configure:17023: $? = 0
configure:17037: result: yes
configure:17041: checking time.h presence
configure:17056: gcc -E  conftest.c
configure:17063: $? = 0
configure:17077: result: yes
configure:17110: checking for time.h
configure:17119: result: yes
configure:16999: checking sys/time.h usability
configure:17016: gcc -c -g -O2  conftest.c >&5
configure:17023: $? = 0
configure:17037: result: yes
configure:17041: checking sys/time.h presence
configure:17056: gcc -E  conftest.c
configure:17063: $? = 0
configure:17077: result: yes
configure:17110: checking for sys/time.h
configure:17119: result: yes
configure:17182: checking if double precision is requested
configure:17191: result: no
configure:17272: checking which drawstuff lib to build
configure:17274: result: X11
configure:17279: checking for X
configure:17394: gcc -E  -DdSINGLE conftest.c
configure:17401: $? = 0
configure:17450: gcc -o conftest -g -O2  -DdSINGLE  conftest.c -lX11  >&5
configure:17457: $? = 0
configure:17519: result: libraries , headers 
configure:17688: gcc -o conftest -g -O2  -DdSINGLE  conftest.c   -lX11 >&5
configure:17695: $? = 0
configure:17863: checking for gethostbyname
configure:17919: gcc -o conftest -g -O2  -DdSINGLE  conftest.c  >&5
configure:17926: $? = 0
configure:17946: result: yes
configure:18099: checking for connect
configure:18155: gcc -o conftest -g -O2  -DdSINGLE  conftest.c  >&5
configure:18162: $? = 0
configure:18182: result: yes
configure:18258: checking for remove
configure:18314: gcc -o conftest -g -O2  -DdSINGLE  conftest.c  >&5
configure:18321: $? = 0
configure:18341: result: yes
configure:18417: checking for shmat
configure:18473: gcc -o conftest -g -O2  -DdSINGLE  conftest.c  >&5
configure:18480: $? = 0
configure:18500: result: yes
configure:18585: checking for IceConnectionNumber in -lICE
configure:18620: gcc -o conftest -g -O2  -DdSINGLE  conftest.c -lICE   >&5
configure:18627: $? = 0
configure:18648: result: yes
configure:18675: checking for GL/gl.h
configure:18705: gcc -c -g -O2  -DdSINGLE conftest.c >&5
configure:18712: $? = 0
configure:18729: result: yes
configure:18675: checking for GL/glu.h
configure:18705: gcc -c -g -O2  -DdSINGLE conftest.c >&5
configure:18712: $? = 0
configure:18729: result: yes
configure:18675: checking for GL/glext.h
configure:18705: gcc -c -g -O2  -DdSINGLE conftest.c >&5
configure:18712: $? = 0
configure:18729: result: yes
configure:18747: checking for main in -lGL
configure:18776: gcc -o conftest -g -O2  -DdSINGLE  conftest.c -lGL   >&5
configure:18783: $? = 0
configure:18804: result: yes
configure:18810: checking for main in -lGLU
configure:18839: gcc -o conftest -g -O2  -DdSINGLE  conftest.c -lGLU -lGL  >&5
configure:18846: $? = 0
configure:18867: result: yes
configure:18873: checking for main in -lopengl32
configure:18902: gcc -o conftest -g -O2  -DdSINGLE  conftest.c -lopengl32   >&5
/usr/bin/ld: cannot find -lopengl32
collect2: ld returned 1 exit status
configure:18909: $? = 1
configure: failed program was:
| /* confdefs.h.  */
| #define PACKAGE_NAME "ODE"
| #define PACKAGE_TARNAME "ode"
| #define PACKAGE_VERSION "0.11.1"
| #define PACKAGE_STRING "ODE 0.11.1"
| #define PACKAGE_BUGREPORT "ode@ode.org"
| #define PACKAGE "ode"
| #define VERSION "0.11.1"
| #define STDC_HEADERS 1
| #define HAVE_SYS_TYPES_H 1
| #define HAVE_SYS_STAT_H 1
| #define HAVE_STDLIB_H 1
| #define HAVE_STRING_H 1
| #define HAVE_MEMORY_H 1
| #define HAVE_STRINGS_H 1
| #define HAVE_INTTYPES_H 1
| #define HAVE_STDINT_H 1
| #define HAVE_UNISTD_H 1
| #define HAVE_DLFCN_H 1
| #define LT_OBJDIR ".libs/"
| #define HAVE__BOOL 1
| #define HAVE_STDBOOL_H 1
| #define X86_64_SYSTEM 1
| #define HAVE_ALLOCA_H 1
| #define HAVE_STDIO_H 1
| #define HAVE_STDINT_H 1
| #define HAVE_STDLIB_H 1
| #define HAVE_MATH_H 1
| #define HAVE_STRING_H 1
| #define HAVE_STDARG_H 1
| #define HAVE_MALLOC_H 1
| #define HAVE_FLOAT_H 1
| #define HAVE_TIME_H 1
| #define HAVE_SYS_TIME_H 1
| #define HAVE_GL_GL_H 1
| #define HAVE_GL_GLU_H 1
| #define HAVE_GL_GLEXT_H 1
| /* end confdefs.h.  */
| 
| 
| int
| main ()
| {
| return main ();
|   ;
|   return 0;
| }
configure:18930: result: no
configure:18936: checking for main in -lglu32
configure:18965: gcc -o conftest -g -O2  -DdSINGLE  conftest.c -lglu32 -lopengl32  >&5
/usr/bin/ld: cannot find -lglu32
collect2: ld returned 1 exit status
configure:18972: $? = 1
configure: failed program was:
| /* confdefs.h.  */
| #define PACKAGE_NAME "ODE"
| #define PACKAGE_TARNAME "ode"
| #define PACKAGE_VERSION "0.11.1"
| #define PACKAGE_STRING "ODE 0.11.1"
| #define PACKAGE_BUGREPORT "ode@ode.org"
| #define PACKAGE "ode"
| #define VERSION "0.11.1"
| #define STDC_HEADERS 1
| #define HAVE_SYS_TYPES_H 1
| #define HAVE_SYS_STAT_H 1
| #define HAVE_STDLIB_H 1
| #define HAVE_STRING_H 1
| #define HAVE_MEMORY_H 1
| #define HAVE_STRINGS_H 1
| #define HAVE_INTTYPES_H 1
| #define HAVE_STDINT_H 1
| #define HAVE_UNISTD_H 1
| #define HAVE_DLFCN_H 1
| #define LT_OBJDIR ".libs/"
| #define HAVE__BOOL 1
| #define HAVE_STDBOOL_H 1
| #define X86_64_SYSTEM 1
| #define HAVE_ALLOCA_H 1
| #define HAVE_STDIO_H 1
| #define HAVE_STDINT_H 1
| #define HAVE_STDLIB_H 1
| #define HAVE_MATH_H 1
| #define HAVE_STRING_H 1
| #define HAVE_STDARG_H 1
| #define HAVE_MALLOC_H 1
| #define HAVE_FLOAT_H 1
| #define HAVE_TIME_H 1
| #define HAVE_SYS_TIME_H 1
| #define HAVE_GL_GL_H 1
| #define HAVE_GL_GLU_H 1
| #define HAVE_GL_GLEXT_H 1
| /* end confdefs.h.  */
| 
| 
| int
| main ()
| {
| return main ();
|   ;
|   return 0;
| }
configure:18993: result: no
configure:19011: checking for main in -lstdc++
configure:19040: gcc -o conftest -g -O2  -DdSINGLE  conftest.c -lstdc++   >&5
configure:19047: $? = 0
configure:19068: result: yes
configure:19077: checking for main in -lpthread
configure:19106: gcc -o conftest -g -O2  -DdSINGLE  conftest.c -lpthread   >&5
configure:19113: $? = 0
configure:19134: result: yes
configure:19170: checking for gprof
configure:19249: result: no
configure:19254: checking for main in -lm
configure:19283: gcc -o conftest -g -O2  -DdSINGLE  conftest.c -lm   -lpthread >&5
configure:19290: $? = 0
configure:19311: result: yes
configure:19323: checking for main in -lsunmath
configure:19352: gcc -o conftest -g -O2  -DdSINGLE  conftest.c -lsunmath  -lm  -lpthread >&5
/usr/bin/ld: cannot find -lsunmath
collect2: ld returned 1 exit status
configure:19359: $? = 1
configure: failed program was:
| /* confdefs.h.  */
| #define PACKAGE_NAME "ODE"
| #define PACKAGE_TARNAME "ode"
| #define PACKAGE_VERSION "0.11.1"
| #define PACKAGE_STRING "ODE 0.11.1"
| #define PACKAGE_BUGREPORT "ode@ode.org"
| #define PACKAGE "ode"
| #define VERSION "0.11.1"
| #define STDC_HEADERS 1
| #define HAVE_SYS_TYPES_H 1
| #define HAVE_SYS_STAT_H 1
| #define HAVE_STDLIB_H 1
| #define HAVE_STRING_H 1
| #define HAVE_MEMORY_H 1
| #define HAVE_STRINGS_H 1
| #define HAVE_INTTYPES_H 1
| #define HAVE_STDINT_H 1
| #define HAVE_UNISTD_H 1
| #define HAVE_DLFCN_H 1
| #define LT_OBJDIR ".libs/"
| #define HAVE__BOOL 1
| #define HAVE_STDBOOL_H 1
| #define X86_64_SYSTEM 1
| #define HAVE_ALLOCA_H 1
| #define HAVE_STDIO_H 1
| #define HAVE_STDINT_H 1
| #define HAVE_STDLIB_H 1
| #define HAVE_MATH_H 1
| #define HAVE_STRING_H 1
| #define HAVE_STDARG_H 1
| #define HAVE_MALLOC_H 1
| #define HAVE_FLOAT_H 1
| #define HAVE_TIME_H 1
| #define HAVE_SYS_TIME_H 1
| #define HAVE_GL_GL_H 1
| #define HAVE_GL_GLU_H 1
| #define HAVE_GL_GLEXT_H 1
| #define HAVE_LIBM 1
| /* end confdefs.h.  */
| 
| 
| int
| main ()
| {
| return main ();
|   ;
|   return 0;
| }
configure:19380: result: no
configure:19416: checking for floor
configure:19472: gcc -o conftest -g -O2  -DdSINGLE  conftest.c -lm  -lpthread >&5
conftest.c:63: warning: conflicting types for built-in function 'floor'
configure:19479: $? = 0
configure:19501: result: yes
configure:19416: checking for memmove
configure:19472: gcc -o conftest -g -O2  -DdSINGLE  conftest.c -lm  -lpthread >&5
conftest.c:64: warning: conflicting types for built-in function 'memmove'
configure:19479: $? = 0
configure:19501: result: yes
configure:19416: checking for memset
configure:19472: gcc -o conftest -g -O2  -DdSINGLE  conftest.c -lm  -lpthread >&5
conftest.c:65: warning: conflicting types for built-in function 'memset'
configure:19479: $? = 0
configure:19501: result: yes
configure:19416: checking for select
configure:19472: gcc -o conftest -g -O2  -DdSINGLE  conftest.c -lm  -lpthread >&5
configure:19479: $? = 0
configure:19501: result: yes
configure:19416: checking for sqrt
configure:19472: gcc -o conftest -g -O2  -DdSINGLE  conftest.c -lm  -lpthread >&5
conftest.c:67: warning: conflicting types for built-in function 'sqrt'
configure:19479: $? = 0
configure:19501: result: yes
configure:19416: checking for sqrtf
configure:19472: gcc -o conftest -g -O2  -DdSINGLE  conftest.c -lm  -lpthread >&5
conftest.c:68: warning: conflicting types for built-in function 'sqrtf'
configure:19479: $? = 0
configure:19501: result: yes
configure:19416: checking for sinf
configure:19472: gcc -o conftest -g -O2  -DdSINGLE  conftest.c -lm  -lpthread >&5
conftest.c:69: warning: conflicting types for built-in function 'sinf'
configure:19479: $? = 0
configure:19501: result: yes
configure:19416: checking for cosf
configure:19472: gcc -o conftest -g -O2  -DdSINGLE  conftest.c -lm  -lpthread >&5
conftest.c:70: warning: conflicting types for built-in function 'cosf'
configure:19479: $? = 0
configure:19501: result: yes
configure:19416: checking for fabsf
configure:19472: gcc -o conftest -g -O2  -DdSINGLE  conftest.c -lm  -lpthread >&5
conftest.c:71: warning: conflicting types for built-in function 'fabsf'
configure:19479: $? = 0
configure:19501: result: yes
configure:19416: checking for atan2f
configure:19472: gcc -o conftest -g -O2  -DdSINGLE  conftest.c -lm  -lpthread >&5
conftest.c:72: warning: conflicting types for built-in function 'atan2f'
configure:19479: $? = 0
configure:19501: result: yes
configure:19416: checking for fmodf
configure:19472: gcc -o conftest -g -O2  -DdSINGLE  conftest.c -lm  -lpthread >&5
conftest.c:73: warning: conflicting types for built-in function 'fmodf'
configure:19479: $? = 0
configure:19501: result: yes
configure:19416: checking for copysignf
configure:19472: gcc -o conftest -g -O2  -DdSINGLE  conftest.c -lm  -lpthread >&5
conftest.c:74: warning: conflicting types for built-in function 'copysignf'
configure:19479: $? = 0
configure:19501: result: yes
configure:19416: checking for copysign
configure:19472: gcc -o conftest -g -O2  -DdSINGLE  conftest.c -lm  -lpthread >&5
conftest.c:75: warning: conflicting types for built-in function 'copysign'
configure:19479: $? = 0
configure:19501: result: yes
configure:19416: checking for snprintf
configure:19472: gcc -o conftest -g -O2  -DdSINGLE  conftest.c -lm  -lpthread >&5
conftest.c:76: warning: conflicting types for built-in function 'snprintf'
configure:19479: $? = 0
configure:19501: result: yes
configure:19416: checking for vsnprintf
configure:19472: gcc -o conftest -g -O2  -DdSINGLE  conftest.c -lm  -lpthread >&5
conftest.c:77: warning: conflicting types for built-in function 'vsnprintf'
configure:19479: $? = 0
configure:19501: result: yes
configure:19416: checking for gettimeofday
configure:19472: gcc -o conftest -g -O2  -DdSINGLE  conftest.c -lm  -lpthread >&5
configure:19479: $? = 0
configure:19501: result: yes
configure:19416: checking for isnan
configure:19472: gcc -o conftest -g -O2  -DdSINGLE  conftest.c -lm  -lpthread >&5
conftest.c:79: warning: conflicting types for built-in function 'isnan'
configure:19479: $? = 0
configure:19501: result: yes
configure:19416: checking for isnanf
configure:19472: gcc -o conftest -g -O2  -DdSINGLE  conftest.c -lm  -lpthread >&5
conftest.c:80: warning: conflicting types for built-in function 'isnanf'
configure:19479: $? = 0
configure:19501: result: yes
configure:19416: checking for _isnan
configure:19472: gcc -o conftest -g -O2  -DdSINGLE  conftest.c -lm  -lpthread >&5
/tmp/cc0hzBUZ.o: In function `main':
/home/Dev/FrontWarrior/libs/ode-0.11.1/conftest.c:92: undefined reference to `_isnan'
collect2: ld returned 1 exit status
configure:19479: $? = 1
configure: failed program was:
| /* confdefs.h.  */
| #define PACKAGE_NAME "ODE"
| #define PACKAGE_TARNAME "ode"
| #define PACKAGE_VERSION "0.11.1"
| #define PACKAGE_STRING "ODE 0.11.1"
| #define PACKAGE_BUGREPORT "ode@ode.org"
| #define PACKAGE "ode"
| #define VERSION "0.11.1"
| #define STDC_HEADERS 1
| #define HAVE_SYS_TYPES_H 1
| #define HAVE_SYS_STAT_H 1
| #define HAVE_STDLIB_H 1
| #define HAVE_STRING_H 1
| #define HAVE_MEMORY_H 1
| #define HAVE_STRINGS_H 1
| #define HAVE_INTTYPES_H 1
| #define HAVE_STDINT_H 1
| #define HAVE_UNISTD_H 1
| #define HAVE_DLFCN_H 1
| #define LT_OBJDIR ".libs/"
| #define HAVE__BOOL 1
| #define HAVE_STDBOOL_H 1
| #define X86_64_SYSTEM 1
| #define HAVE_ALLOCA_H 1
| #define HAVE_STDIO_H 1
| #define HAVE_STDINT_H 1
| #define HAVE_STDLIB_H 1
| #define HAVE_MATH_H 1
| #define HAVE_STRING_H 1
| #define HAVE_STDARG_H 1
| #define HAVE_MALLOC_H 1
| #define HAVE_FLOAT_H 1
| #define HAVE_TIME_H 1
| #define HAVE_SYS_TIME_H 1
| #define HAVE_GL_GL_H 1
| #define HAVE_GL_GLU_H 1
| #define HAVE_GL_GLEXT_H 1
| #define HAVE_LIBM 1
| #define HAVE_FLOOR 1
| #define HAVE_MEMMOVE 1
| #define HAVE_MEMSET 1
| #define HAVE_SELECT 1
| #define HAVE_SQRT 1
| #define HAVE_SQRTF 1
| #define HAVE_SINF 1
| #define HAVE_COSF 1
| #define HAVE_FABSF 1
| #define HAVE_ATAN2F 1
| #define HAVE_FMODF 1
| #define HAVE_COPYSIGNF 1
| #define HAVE_COPYSIGN 1
| #define HAVE_SNPRINTF 1
| #define HAVE_VSNPRINTF 1
| #define HAVE_GETTIMEOFDAY 1
| #define HAVE_ISNAN 1
| #define HAVE_ISNANF 1
| /* end confdefs.h.  */
| /* Define _isnan to an innocuous variant, in case <limits.h> declares _isnan.
|    For example, HP-UX 11i <limits.h> declares gettimeofday.  */
| #define _isnan innocuous__isnan
| 
| /* System header to define __stub macros and hopefully few prototypes,
|     which can conflict with char _isnan (); below.
|     Prefer <limits.h> to <assert.h> if __STDC__ is defined, since
|     <limits.h> exists even on freestanding compilers.  */
| 
| #ifdef __STDC__
| # include <limits.h>
| #else
| # include <assert.h>
| #endif
| 
| #undef _isnan
| 
| /* Override any GCC internal prototype to avoid an error.
|    Use char because int might match the return type of a GCC
|    builtin and then its argument prototype would still apply.  */
| #ifdef __cplusplus
| extern "C"
| #endif
| char _isnan ();
| /* The GNU C library defines this for functions which it implements
|     to always fail with ENOSYS.  Some functions are actually named
|     something starting with __ and the normal name is an alias.  */
| #if defined __stub__isnan || defined __stub____isnan
| choke me
| #endif
| 
| int
| main ()
| {
| return _isnan ();
|   ;
|   return 0;
| }
configure:19501: result: no
configure:19416: checking for _isnanf
configure:19472: gcc -o conftest -g -O2  -DdSINGLE  conftest.c -lm  -lpthread >&5
/tmp/ccyRs9ij.o: In function `main':
/home/Dev/FrontWarrior/libs/ode-0.11.1/conftest.c:92: undefined reference to `_isnanf'
collect2: ld returned 1 exit status
configure:19479: $? = 1
configure: failed program was:
| /* confdefs.h.  */
| #define PACKAGE_NAME "ODE"
| #define PACKAGE_TARNAME "ode"
| #define PACKAGE_VERSION "0.11.1"
| #define PACKAGE_STRING "ODE 0.11.1"
| #define PACKAGE_BUGREPORT "ode@ode.org"
| #define PACKAGE "ode"
| #define VERSION "0.11.1"
| #define STDC_HEADERS 1
| #define HAVE_SYS_TYPES_H 1
| #define HAVE_SYS_STAT_H 1
| #define HAVE_STDLIB_H 1
| #define HAVE_STRING_H 1
| #define HAVE_MEMORY_H 1
| #define HAVE_STRINGS_H 1
| #define HAVE_INTTYPES_H 1
| #define HAVE_STDINT_H 1
| #define HAVE_UNISTD_H 1
| #define HAVE_DLFCN_H 1
| #define LT_OBJDIR ".libs/"
| #define HAVE__BOOL 1
| #define HAVE_STDBOOL_H 1
| #define X86_64_SYSTEM 1
| #define HAVE_ALLOCA_H 1
| #define HAVE_STDIO_H 1
| #define HAVE_STDINT_H 1
| #define HAVE_STDLIB_H 1
| #define HAVE_MATH_H 1
| #define HAVE_STRING_H 1
| #define HAVE_STDARG_H 1
| #define HAVE_MALLOC_H 1
| #define HAVE_FLOAT_H 1
| #define HAVE_TIME_H 1
| #define HAVE_SYS_TIME_H 1
| #define HAVE_GL_GL_H 1
| #define HAVE_GL_GLU_H 1
| #define HAVE_GL_GLEXT_H 1
| #define HAVE_LIBM 1
| #define HAVE_FLOOR 1
| #define HAVE_MEMMOVE 1
| #define HAVE_MEMSET 1
| #define HAVE_SELECT 1
| #define HAVE_SQRT 1
| #define HAVE_SQRTF 1
| #define HAVE_SINF 1
| #define HAVE_COSF 1
| #define HAVE_FABSF 1
| #define HAVE_ATAN2F 1
| #define HAVE_FMODF 1
| #define HAVE_COPYSIGNF 1
| #define HAVE_COPYSIGN 1
| #define HAVE_SNPRINTF 1
| #define HAVE_VSNPRINTF 1
| #define HAVE_GETTIMEOFDAY 1
| #define HAVE_ISNAN 1
| #define HAVE_ISNANF 1
| /* end confdefs.h.  */
| /* Define _isnanf to an innocuous variant, in case <limits.h> declares _isnanf.
|    For example, HP-UX 11i <limits.h> declares gettimeofday.  */
| #define _isnanf innocuous__isnanf
| 
| /* System header to define __stub macros and hopefully few prototypes,
|     which can conflict with char _isnanf (); below.
|     Prefer <limits.h> to <assert.h> if __STDC__ is defined, since
|     <limits.h> exists even on freestanding compilers.  */
| 
| #ifdef __STDC__
| # include <limits.h>
| #else
| # include <assert.h>
| #endif
| 
| #undef _isnanf
| 
| /* Override any GCC internal prototype to avoid an error.
|    Use char because int might match the return type of a GCC
|    builtin and then its argument prototype would still apply.  */
| #ifdef __cplusplus
| extern "C"
| #endif
| char _isnanf ();
| /* The GNU C library defines this for functions which it implements
|     to always fail with ENOSYS.  Some functions are actually named
|     something starting with __ and the normal name is an alias.  */
| #if defined __stub__isnanf || defined __stub____isnanf
| choke me
| #endif
| 
| int
| main ()
| {
| return _isnanf ();
|   ;
|   return 0;
| }
configure:19501: result: no
configure:19416: checking for __isnan
configure:19472: gcc -o conftest -g -O2  -DdSINGLE  conftest.c -lm  -lpthread >&5
configure:19479: $? = 0
configure:19501: result: yes
configure:19416: checking for __isnanf
configure:19472: gcc -o conftest -g -O2  -DdSINGLE  conftest.c -lm  -lpthread >&5
configure:19479: $? = 0
configure:19501: result: yes
configure:19515: checking for working alloca.h
configure:19542: gcc -o conftest -g -O2  -DdSINGLE  conftest.c -lm  -lpthread >&5
configure:19549: $? = 0
configure:19569: result: yes
configure:19579: checking for alloca
configure:19626: gcc -o conftest -g -O2  -DdSINGLE  conftest.c -lm  -lpthread >&5
configure:19633: $? = 0
configure:19653: result: yes
configure:19895: checking for stdlib.h
configure:19902: result: yes
configure:20041: checking for GNU libc compatible malloc
configure:20075: gcc -o conftest -g -O2  -DdSINGLE  conftest.c -lm  -lpthread >&5
configure:20079: $? = 0
configure:20085: ./conftest
configure:20089: $? = 0
configure:20106: result: yes
configure:20134: checking for obstacks
configure:20165: gcc -o conftest -g -O2  -DdSINGLE  conftest.c -lm  -lpthread >&5
configure:20172: $? = 0
configure:20192: result: yes
configure:20214: checking for stdlib.h
configure:20221: result: yes
configure:20360: checking for GNU libc compatible realloc
configure:20394: gcc -o conftest -g -O2  -DdSINGLE  conftest.c -lm  -lpthread >&5
configure:20398: $? = 0
configure:20404: ./conftest
configure:20408: $? = 0
configure:20425: result: yes
configure:20470: checking sys/select.h usability
configure:20487: gcc -c -g -O2  -DdSINGLE conftest.c >&5
configure:20494: $? = 0
configure:20508: result: yes
configure:20512: checking sys/select.h presence
configure:20527: gcc -E  -DdSINGLE conftest.c
configure:20534: $? = 0
configure:20548: result: yes
configure:20581: checking for sys/select.h
configure:20590: result: yes
configure:20470: checking sys/socket.h usability
configure:20487: gcc -c -g -O2  -DdSINGLE conftest.c >&5
configure:20494: $? = 0
configure:20508: result: yes
configure:20512: checking sys/socket.h presence
configure:20527: gcc -E  -DdSINGLE conftest.c
configure:20534: $? = 0
configure:20548: result: yes
configure:20581: checking for sys/socket.h
configure:20590: result: yes
configure:20605: checking types of arguments for select
configure:20643: gcc -c -g -O2  -DdSINGLE conftest.c >&5
configure:20650: $? = 0
configure:20671: result: int,fd_set *,struct timeval *
configure:20698: checking for vprintf
configure:20754: gcc -o conftest -g -O2  -DdSINGLE  conftest.c -lm  -lpthread >&5
conftest.c:95: warning: conflicting types for built-in function 'vprintf'
configure:20761: $? = 0
configure:20783: result: yes
configure:20792: checking for _doprnt
configure:20848: gcc -o conftest -g -O2  -DdSINGLE  conftest.c -lm  -lpthread >&5
/tmp/cc4DHKxh.o: In function `main':
/home/Dev/FrontWarrior/libs/ode-0.11.1/conftest.c:107: undefined reference to `_doprnt'
collect2: ld returned 1 exit status
configure:20855: $? = 1
configure: failed program was:
| /* confdefs.h.  */
| #define PACKAGE_NAME "ODE"
| #define PACKAGE_TARNAME "ode"
| #define PACKAGE_VERSION "0.11.1"
| #define PACKAGE_STRING "ODE 0.11.1"
| #define PACKAGE_BUGREPORT "ode@ode.org"
| #define PACKAGE "ode"
| #define VERSION "0.11.1"
| #define STDC_HEADERS 1
| #define HAVE_SYS_TYPES_H 1
| #define HAVE_SYS_STAT_H 1
| #define HAVE_STDLIB_H 1
| #define HAVE_STRING_H 1
| #define HAVE_MEMORY_H 1
| #define HAVE_STRINGS_H 1
| #define HAVE_INTTYPES_H 1
| #define HAVE_STDINT_H 1
| #define HAVE_UNISTD_H 1
| #define HAVE_DLFCN_H 1
| #define LT_OBJDIR ".libs/"
| #define HAVE__BOOL 1
| #define HAVE_STDBOOL_H 1
| #define X86_64_SYSTEM 1
| #define HAVE_ALLOCA_H 1
| #define HAVE_STDIO_H 1
| #define HAVE_STDINT_H 1
| #define HAVE_STDLIB_H 1
| #define HAVE_MATH_H 1
| #define HAVE_STRING_H 1
| #define HAVE_STDARG_H 1
| #define HAVE_MALLOC_H 1
| #define HAVE_FLOAT_H 1
| #define HAVE_TIME_H 1
| #define HAVE_SYS_TIME_H 1
| #define HAVE_GL_GL_H 1
| #define HAVE_GL_GLU_H 1
| #define HAVE_GL_GLEXT_H 1
| #define HAVE_LIBM 1
| #define HAVE_FLOOR 1
| #define HAVE_MEMMOVE 1
| #define HAVE_MEMSET 1
| #define HAVE_SELECT 1
| #define HAVE_SQRT 1
| #define HAVE_SQRTF 1
| #define HAVE_SINF 1
| #define HAVE_COSF 1
| #define HAVE_FABSF 1
| #define HAVE_ATAN2F 1
| #define HAVE_FMODF 1
| #define HAVE_COPYSIGNF 1
| #define HAVE_COPYSIGN 1
| #define HAVE_SNPRINTF 1
| #define HAVE_VSNPRINTF 1
| #define HAVE_GETTIMEOFDAY 1
| #define HAVE_ISNAN 1
| #define HAVE_ISNANF 1
| #define HAVE___ISNAN 1
| #define HAVE___ISNANF 1
| #define HAVE_ALLOCA_H 1
| #define HAVE_ALLOCA 1
| #define HAVE_STDLIB_H 1
| #define HAVE_MALLOC 1
| #define HAVE_OBSTACK 1
| #define HAVE_STDLIB_H 1
| #define HAVE_REALLOC 1
| #define HAVE_SYS_SELECT_H 1
| #define HAVE_SYS_SOCKET_H 1
| #define SELECT_TYPE_ARG1 int
| #define SELECT_TYPE_ARG234 (fd_set *)
| #define SELECT_TYPE_ARG5 (struct timeval *)
| #define HAVE_VPRINTF 1
| /* end confdefs.h.  */
| /* Define _doprnt to an innocuous variant, in case <limits.h> declares _doprnt.
|    For example, HP-UX 11i <limits.h> declares gettimeofday.  */
| #define _doprnt innocuous__doprnt
| 
| /* System header to define __stub macros and hopefully few prototypes,
|     which can conflict with char _doprnt (); below.
|     Prefer <limits.h> to <assert.h> if __STDC__ is defined, since
|     <limits.h> exists even on freestanding compilers.  */
| 
| #ifdef __STDC__
| # include <limits.h>
| #else
| # include <assert.h>
| #endif
| 
| #undef _doprnt
| 
| /* Override any GCC internal prototype to avoid an error.
|    Use char because int might match the return type of a GCC
|    builtin and then its argument prototype would still apply.  */
| #ifdef __cplusplus
| extern "C"
| #endif
| char _doprnt ();
| /* The GNU C library defines this for functions which it implements
|     to always fail with ENOSYS.  Some functions are actually named
|     something starting with __ and the normal name is an alias.  */
| #if defined __stub__doprnt || defined __stub____doprnt
| choke me
| #endif
| 
| int
| main ()
| {
| return _doprnt ();
|   ;
|   return 0;
| }
configure:20875: result: no
configure:20890: checking if alloca should be emulated by malloc
configure:20909: result: no
configure:21494: creating ./config.status

## ---------------------- ##
## Running config.status. ##
## ---------------------- ##

This file was extended by ODE config.status 0.11.1, which was
generated by GNU Autoconf 2.63.  Invocation command line was

  CONFIG_FILES    = 
  CONFIG_HEADERS  = 
  CONFIG_LINKS    = 
  CONFIG_COMMANDS = 
  $ ./config.status 

on tecan-desktop

config.status:1156: creating Makefile
config.status:1156: creating include/Makefile
config.status:1156: creating include/ode/Makefile
config.status:1156: creating include/drawstuff/Makefile
config.status:1156: creating ode/Makefile
config.status:1156: creating ode/src/Makefile
config.status:1156: creating ode/src/joints/Makefile
config.status:1156: creating drawstuff/Makefile
config.status:1156: creating drawstuff/src/Makefile
config.status:1156: creating drawstuff/dstest/Makefile
config.status:1156: creating ode/demo/Makefile
config.status:1156: creating OPCODE/Makefile
config.status:1156: creating OPCODE/Ice/Makefile
config.status:1156: creating GIMPACT/Makefile
config.status:1156: creating GIMPACT/include/Makefile
config.status:1156: creating GIMPACT/include/GIMPACT/Makefile
config.status:1156: creating GIMPACT/src/Makefile
config.status:1156: creating tests/Makefile
config.status:1156: creating tests/UnitTest++/Makefile
config.status:1156: creating tests/UnitTest++/src/Makefile
config.status:1156: creating tests/UnitTest++/src/Posix/Makefile
config.status:1156: creating tests/UnitTest++/src/Win32/Makefile
config.status:1156: creating ode-config
config.status:1156: creating ode.pc
config.status:1156: creating ode/src/config.h
config.status:1430: executing depfiles commands
config.status:1430: executing libtool commands
configure:24079: === configuring in ou (/home/Dev/FrontWarrior/libs/ode-0.11.1/ou)
configure:24182: running /bin/bash ./configure --disable-option-checking '--prefix=/usr/local'  --cache-file=/dev/null --srcdir=.

## ---------------- ##
## Cache variables. ##
## ---------------- ##

ac_cv_build=x86_64-unknown-linux-gnu
ac_cv_c_bigendian=no
ac_cv_c_compiler_gnu=yes
ac_cv_c_inline=inline
ac_cv_c_volatile=yes
ac_cv_cxx_compiler_gnu=yes
ac_cv_env_CCC_set=
ac_cv_env_CCC_value=
ac_cv_env_CC_set=
ac_cv_env_CC_value=
ac_cv_env_CFLAGS_set=
ac_cv_env_CFLAGS_value=
ac_cv_env_CPPFLAGS_set=
ac_cv_env_CPPFLAGS_value=
ac_cv_env_CPP_set=
ac_cv_env_CPP_value=
ac_cv_env_CXXCPP_set=
ac_cv_env_CXXCPP_value=
ac_cv_env_CXXFLAGS_set=
ac_cv_env_CXXFLAGS_value=
ac_cv_env_CXX_set=
ac_cv_env_CXX_value=
ac_cv_env_LDFLAGS_set=
ac_cv_env_LDFLAGS_value=
ac_cv_env_LIBS_set=
ac_cv_env_LIBS_value=
ac_cv_env_XMKMF_set=
ac_cv_env_XMKMF_value=
ac_cv_env_build_alias_set=
ac_cv_env_build_alias_value=
ac_cv_env_host_alias_set=
ac_cv_env_host_alias_value=
ac_cv_env_target_alias_set=
ac_cv_env_target_alias_value=
ac_cv_func___isnan=yes
ac_cv_func___isnanf=yes
ac_cv_func__doprnt=no
ac_cv_func__isnan=no
ac_cv_func__isnanf=no
ac_cv_func_alloca_works=yes
ac_cv_func_atan2f=yes
ac_cv_func_connect=yes
ac_cv_func_copysign=yes
ac_cv_func_copysignf=yes
ac_cv_func_cosf=yes
ac_cv_func_fabsf=yes
ac_cv_func_floor=yes
ac_cv_func_fmodf=yes
ac_cv_func_gethostbyname=yes
ac_cv_func_gettimeofday=yes
ac_cv_func_isnan=yes
ac_cv_func_isnanf=yes
ac_cv_func_malloc_0_nonnull=yes
ac_cv_func_memmove=yes
ac_cv_func_memset=yes
ac_cv_func_obstack=yes
ac_cv_func_realloc_0_nonnull=yes
ac_cv_func_remove=yes
ac_cv_func_select=yes
ac_cv_func_select_args='int,fd_set *,struct timeval *'
ac_cv_func_shmat=yes
ac_cv_func_sinf=yes
ac_cv_func_snprintf=yes
ac_cv_func_sqrt=yes
ac_cv_func_sqrtf=yes
ac_cv_func_vprintf=yes
ac_cv_func_vsnprintf=yes
ac_cv_have_x='have_x=yes	ac_x_includes='\'''\''	ac_x_libraries='\'''\'''
ac_cv_header_GL_gl_h=yes
ac_cv_header_GL_glext_h=yes
ac_cv_header_GL_glu_h=yes
ac_cv_header_alloca_h=yes
ac_cv_header_dlfcn_h=yes
ac_cv_header_float_h=yes
ac_cv_header_inttypes_h=yes
ac_cv_header_malloc_h=yes
ac_cv_header_math_h=yes
ac_cv_header_memory_h=yes
ac_cv_header_stdarg_h=yes
ac_cv_header_stdbool_h=yes
ac_cv_header_stdc=yes
ac_cv_header_stdint_h=yes
ac_cv_header_stdio_h=yes
ac_cv_header_stdlib_h=yes
ac_cv_header_string_h=yes
ac_cv_header_strings_h=yes
ac_cv_header_sys_select_h=yes
ac_cv_header_sys_socket_h=yes
ac_cv_header_sys_stat_h=yes
ac_cv_header_sys_time_h=yes
ac_cv_header_sys_types_h=yes
ac_cv_header_time_h=yes
ac_cv_header_unistd_h=yes
ac_cv_host=x86_64-unknown-linux-gnu
ac_cv_lib_GLU_main=yes
ac_cv_lib_GL_main=yes
ac_cv_lib_ICE_IceConnectionNumber=yes
ac_cv_lib_glu32_main=no
ac_cv_lib_m_main=yes
ac_cv_lib_opengl32_main=no
ac_cv_lib_pthread_main=yes
ac_cv_lib_stdcpp_main=yes
ac_cv_lib_sunmath_main=no
ac_cv_objext=o
ac_cv_path_EGREP='/bin/grep -E'
ac_cv_path_FGREP='/bin/grep -F'
ac_cv_path_GREP=/bin/grep
ac_cv_path_SED=/bin/sed
ac_cv_path_install='/usr/bin/install -c'
ac_cv_path_mkdir=/bin/mkdir
ac_cv_prog_AWK=gawk
ac_cv_prog_CPP='gcc -E'
ac_cv_prog_CXXCPP='g++ -E'
ac_cv_prog_ac_ct_AR=ar
ac_cv_prog_ac_ct_CC=gcc
ac_cv_prog_ac_ct_CXX=g++
ac_cv_prog_ac_ct_OBJDUMP=objdump
ac_cv_prog_ac_ct_RANLIB=ranlib
ac_cv_prog_ac_ct_STRIP=strip
ac_cv_prog_cc_c89=
ac_cv_prog_cc_g=yes
ac_cv_prog_cc_gcc_c_o=yes
ac_cv_prog_cxx_g=yes
ac_cv_prog_make_make_set=yes
ac_cv_type__Bool=yes
ac_cv_type_size_t=yes
ac_cv_working_alloca_h=yes
am_cv_CC_dependencies_compiler_type=gcc3
am_cv_CXX_dependencies_compiler_type=gcc3
lt_cv_deplibs_check_method=pass_all
lt_cv_file_magic_cmd='$MAGIC_CMD'
lt_cv_file_magic_test_file=
lt_cv_ld_reload_flag=-r
lt_cv_nm_interface='BSD nm'
lt_cv_objdir=.libs
lt_cv_path_LD=/usr/bin/ld
lt_cv_path_LDCXX='/usr/bin/ld -m elf_x86_64'
lt_cv_path_NM='/usr/bin/nm -B'
lt_cv_prog_compiler_c_o=yes
lt_cv_prog_compiler_c_o_CXX=yes
lt_cv_prog_compiler_pic_works=yes
lt_cv_prog_compiler_pic_works_CXX=yes
lt_cv_prog_compiler_rtti_exceptions=no
lt_cv_prog_compiler_static_works=yes
lt_cv_prog_compiler_static_works_CXX=yes
lt_cv_prog_gnu_ld=yes
lt_cv_prog_gnu_ldcxx=yes
lt_cv_sys_global_symbol_pipe='sed -n -e '\''s/^.*[	 ]\([ABCDGIRSTW][ABCDGIRSTW]*\)[	 ][	 ]*\([_A-Za-z][_A-Za-z0-9]*\)$/\1 \2 \2/p'\'''
lt_cv_sys_global_symbol_to_c_name_address='sed -n -e '\''s/^: \([^ ]*\) $/  {\"\1\", (void *) 0},/p'\'' -e '\''s/^[ABCDGIRSTW]* \([^ ]*\) \([^ ]*\)$/  {"\2", (void *) \&\2},/p'\'''
lt_cv_sys_global_symbol_to_c_name_address_lib_prefix='sed -n -e '\''s/^: \([^ ]*\) $/  {\"\1\", (void *) 0},/p'\'' -e '\''s/^[ABCDGIRSTW]* \([^ ]*\) \(lib[^ ]*\)$/  {"\2", (void *) \&\2},/p'\'' -e '\''s/^[ABCDGIRSTW]* \([^ ]*\) \([^ ]*\)$/  {"lib\2", (void *) \&\2},/p'\'''
lt_cv_sys_global_symbol_to_cdecl='sed -n -e '\''s/^T .* \(.*\)$/extern int \1();/p'\'' -e '\''s/^[ABCDGIRSTW]* .* \(.*\)$/extern char \1;/p'\'''
lt_cv_sys_max_cmd_len=1572864

## ----------------- ##
## Output variables. ##
## ----------------- ##

ACLOCAL='${SHELL} /home/Dev/FrontWarrior/libs/ode-0.11.1/missing --run aclocal-1.10'
ALLOCA=''
AMDEPBACKSLASH='\'
AMDEP_FALSE='#'
AMDEP_TRUE=''
AMTAR='${SHELL} /home/Dev/FrontWarrior/libs/ode-0.11.1/missing --run tar'
AR='ar'
AS='as'
AUTOCONF='${SHELL} /home/Dev/FrontWarrior/libs/ode-0.11.1/missing --run autoconf'
AUTOHEADER='${SHELL} /home/Dev/FrontWarrior/libs/ode-0.11.1/missing --run autoheader'
AUTOMAKE='${SHELL} /home/Dev/FrontWarrior/libs/ode-0.11.1/missing --run automake-1.10'
AWK='gawk'
CC='gcc'
CCDEPMODE='depmode=gcc3'
CFLAGS='-g -O2'
CPP='gcc -E'
CPPFLAGS=' -DdSINGLE'
CXX='g++'
CXXCPP='g++ -E'
CXXDEPMODE='depmode=gcc3'
CXXFLAGS='-g -O2'
CYGPATH_W='echo'
DEFS='-DHAVE_CONFIG_H'
DEPDIR='.deps'
DLLTOOL='dlltool'
DSYMUTIL=''
DUMPBIN=''
ECHO_C=''
ECHO_N='-n'
ECHO_T=''
EGREP='/bin/grep -E'
ENABLE_DEMOS_FALSE='#'
ENABLE_DEMOS_TRUE=''
ENABLE_DRAWSTUFF_FALSE='#'
ENABLE_DRAWSTUFF_TRUE=''
ENABLE_OU_FALSE=''
ENABLE_OU_TRUE='#'
EXEEXT=''
EXTRA_LIBTOOL_LDFLAGS=''
FGREP='/bin/grep -F'
GIMPACT_FALSE=''
GIMPACT_TRUE='#'
GL_LIBS='-lGLU -lGL'
GREP='/bin/grep'
INSTALL_DATA='${INSTALL} -m 644'
INSTALL_PROGRAM='${INSTALL}'
INSTALL_SCRIPT='${INSTALL}'
INSTALL_STRIP_PROGRAM='$(install_sh) -c -s'
LD='/usr/bin/ld -m elf_x86_64'
LDFLAGS=''
LIBOBJS=''
LIBS='-lm  -lpthread'
LIBSTDCXX='-lstdc++'
LIBTOOL='$(SHELL) $(top_builddir)/libtool'
LIPO=''
LN_S='ln -s'
LTLIBOBJS=''
MAKEINFO='${SHELL} /home/Dev/FrontWarrior/libs/ode-0.11.1/missing --run makeinfo'
MKDIR_P='/bin/mkdir -p'
NM='/usr/bin/nm -B'
NMEDIT=''
OBJDUMP='objdump'
OBJEXT='o'
ODE_PRECISION='-DdSINGLE'
ODE_RELEASE='0.11.1'
ODE_VERSION_INFO='-version-info 2:1:1'
OPCODE_FALSE='#'
OPCODE_TRUE=''
OSX_FALSE=''
OSX_TRUE='#'
OTOOL64=''
OTOOL=''
PACKAGE='ode'
PACKAGE_BUGREPORT='ode@ode.org'
PACKAGE_NAME='ODE'
PACKAGE_STRING='ODE 0.11.1'
PACKAGE_TARNAME='ode'
PACKAGE_VERSION='0.11.1'
PATH_SEPARATOR=':'
RANLIB='ranlib'
SED='/bin/sed'
SET_MAKE=''
SHELL='/bin/bash'
STRIP='strip'
TRIMESH_FALSE='#'
TRIMESH_TRUE=''
VERSION='0.11.1'
WIN32_FALSE=''
WIN32_TRUE='#'
WINDRES=''
X11_FALSE='#'
X11_TRUE=''
X86_64_SYSTEM_FALSE='#'
X86_64_SYSTEM_TRUE=''
XMKMF=''
X_CFLAGS=''
X_EXTRA_LIBS=''
X_LIBS=''
X_PRE_LIBS=' -lSM -lICE'
ac_ct_CC='gcc'
ac_ct_CXX='g++'
ac_ct_DUMPBIN=''
ac_ct_WINDRES=''
am__fastdepCC_FALSE='#'
am__fastdepCC_TRUE=''
am__fastdepCXX_FALSE='#'
am__fastdepCXX_TRUE=''
am__include='include'
am__isrc=''
am__leading_dot='.'
am__quote=''
am__tar='${AMTAR} chof - "$$tardir"'
am__untar='${AMTAR} xf -'
bindir='${exec_prefix}/bin'
build='x86_64-unknown-linux-gnu'
build_alias=''
build_cpu='x86_64'
build_os='linux-gnu'
build_vendor='unknown'
datadir='${datarootdir}'
datarootdir='${prefix}/share'
docdir='${datarootdir}/doc/${PACKAGE_TARNAME}'
dvidir='${docdir}'
exec_prefix='${prefix}'
host='x86_64-unknown-linux-gnu'
host_alias=''
host_cpu='x86_64'
host_os='linux-gnu'
host_vendor='unknown'
htmldir='${docdir}'
includedir='${prefix}/include'
infodir='${datarootdir}/info'
install_sh='$(SHELL) /home/Dev/FrontWarrior/libs/ode-0.11.1/install-sh'
libdir='${exec_prefix}/lib'
libexecdir='${exec_prefix}/libexec'
localedir='${datarootdir}/locale'
localstatedir='${prefix}/var'
lt_ECHO='echo'
mandir='${datarootdir}/man'
mkdir_p='/bin/mkdir -p'
oldincludedir='/usr/include'
pdfdir='${docdir}'
prefix='/usr/local'
program_transform_name='s,x,x,'
psdir='${docdir}'
sbindir='${exec_prefix}/sbin'
sharedstatedir='${prefix}/com'
subdirs=' ou'
sysconfdir='${prefix}/etc'
target_alias=''

## ----------- ##
## confdefs.h. ##
## ----------- ##

#define PACKAGE_NAME "ODE"
#define PACKAGE_TARNAME "ode"
#define PACKAGE_VERSION "0.11.1"
#define PACKAGE_STRING "ODE 0.11.1"
#define PACKAGE_BUGREPORT "ode@ode.org"
#define PACKAGE "ode"
#define VERSION "0.11.1"
#define STDC_HEADERS 1
#define HAVE_SYS_TYPES_H 1
#define HAVE_SYS_STAT_H 1
#define HAVE_STDLIB_H 1
#define HAVE_STRING_H 1
#define HAVE_MEMORY_H 1
#define HAVE_STRINGS_H 1
#define HAVE_INTTYPES_H 1
#define HAVE_STDINT_H 1
#define HAVE_UNISTD_H 1
#define HAVE_DLFCN_H 1
#define LT_OBJDIR ".libs/"
#define HAVE__BOOL 1
#define HAVE_STDBOOL_H 1
#define X86_64_SYSTEM 1
#define HAVE_ALLOCA_H 1
#define HAVE_STDIO_H 1
#define HAVE_STDINT_H 1
#define HAVE_STDLIB_H 1
#define HAVE_MATH_H 1
#define HAVE_STRING_H 1
#define HAVE_STDARG_H 1
#define HAVE_MALLOC_H 1
#define HAVE_FLOAT_H 1
#define HAVE_TIME_H 1
#define HAVE_SYS_TIME_H 1
#define HAVE_GL_GL_H 1
#define HAVE_GL_GLU_H 1
#define HAVE_GL_GLEXT_H 1
#define HAVE_LIBM 1
#define HAVE_FLOOR 1
#define HAVE_MEMMOVE 1
#define HAVE_MEMSET 1
#define HAVE_SELECT 1
#define HAVE_SQRT 1
#define HAVE_SQRTF 1
#define HAVE_SINF 1
#define HAVE_COSF 1
#define HAVE_FABSF 1
#define HAVE_ATAN2F 1
#define HAVE_FMODF 1
#define HAVE_COPYSIGNF 1
#define HAVE_COPYSIGN 1
#define HAVE_SNPRINTF 1
#define HAVE_VSNPRINTF 1
#define HAVE_GETTIMEOFDAY 1
#define HAVE_ISNAN 1
#define HAVE_ISNANF 1
#define HAVE___ISNAN 1
#define HAVE___ISNANF 1
#define HAVE_ALLOCA_H 1
#define HAVE_ALLOCA 1
#define HAVE_STDLIB_H 1
#define HAVE_MALLOC 1
#define HAVE_OBSTACK 1
#define HAVE_STDLIB_H 1
#define HAVE_REALLOC 1
#define HAVE_SYS_SELECT_H 1
#define HAVE_SYS_SOCKET_H 1
#define SELECT_TYPE_ARG1 int
#define SELECT_TYPE_ARG234 (fd_set *)
#define SELECT_TYPE_ARG5 (struct timeval *)
#define HAVE_VPRINTF 1

configure: exit 0
